<?xml version="1.0" encoding="UTF-8"?>
<!-- Generated by org.testng.reporters.JUnitReportReporter -->
<testsuite skipped="0" hostname="DESKTOP-DUG12D0" name="MavenProject.AppiumTest" tests="2" failures="0" timestamp="09 Jan 2020 12:36:55 GMT" time="0.001" errors="0">
  <testcase name="NativeAPpAndroid" time="0.001" classname="MavenProject.AppiumTest"/>
  <testcase name="IOSApps" time="0.000" classname="MavenProject.AppiumTest"/>
</testsuite> <!-- MavenProject.AppiumTest -->
