<?xml version="1.0" encoding="UTF-8"?>
<!-- Generated by org.testng.reporters.JUnitReportReporter -->
<testsuite skipped="0" hostname="DESKTOP-DUG12D0" name="MavenProject.RESTAPITest" tests="2" failures="0" timestamp="09 Jan 2020 12:37:08 GMT" time="0.000" errors="0">
  <testcase name="postJira" time="0.000" classname="MavenProject.RESTAPITest"/>
  <testcase name="deleteTwitter" time="0.000" classname="MavenProject.RESTAPITest"/>
</testsuite> <!-- MavenProject.RESTAPITest -->
