<?xml version="1.0" encoding="UTF-8"?>
<!-- Generated by org.testng.reporters.JUnitReportReporter -->
<testsuite skipped="0" hostname="DESKTOP-DUG12D0" name="MavenProject.SeleniumTest" tests="2" failures="0" timestamp="09 Jan 2020 12:37:08 GMT" time="0.006" errors="0">
  <testcase name="BrowserAUtomation" time="0.005" classname="MavenProject.SeleniumTest"/>
  <testcase name="elementsUi" time="0.001" classname="MavenProject.SeleniumTest"/>
</testsuite> <!-- MavenProject.SeleniumTest -->
